<?xml version="1.0" encoding="UTF-8"?>
<testng-results skipped="0" failed="0" total="1" passed="1">
  <reporter-output>
  </reporter-output>
  <suite name="Command line suite" duration-ms="16088" started-at="2013-11-05T20:38:41Z" finished-at="2013-11-05T20:38:57Z">
    <groups>
    </groups>
    <test name="Command line test" duration-ms="16088" started-at="2013-11-05T20:38:41Z" finished-at="2013-11-05T20:38:57Z">
      <class name="com.cs.test.HomePageTest">
        <test-method status="PASS" signature="setUp()[pri:0, instance:com.cs.test.HomePageTest@3f6dadf9]" name="setUp" is-config="true" duration-ms="13456" started-at="2013-11-05T15:38:41Z" finished-at="2013-11-05T15:38:55Z">
          <reporter-output>
          </reporter-output>
        </test-method> <!-- setUp -->
        <test-method status="PASS" signature="login()[pri:0, instance:com.cs.test.HomePageTest@3f6dadf9]" name="login" duration-ms="2377" started-at="2013-11-05T15:38:55Z" finished-at="2013-11-05T15:38:57Z">
          <reporter-output>
          </reporter-output>
        </test-method> <!-- login -->
        <test-method status="PASS" signature="closeBrowser()[pri:0, instance:com.cs.test.HomePageTest@3f6dadf9]" name="closeBrowser" is-config="true" duration-ms="242" started-at="2013-11-05T15:38:57Z" finished-at="2013-11-05T15:38:57Z">
          <reporter-output>
          </reporter-output>
        </test-method> <!-- closeBrowser -->
      </class> <!-- com.cs.test.HomePageTest -->
    </test> <!-- Command line test -->
  </suite> <!-- Command line suite -->
</testng-results>
